MyMQTT/app/build/intermediates/manifest_merge_blame_file/debug/manifest-merger-blame-debug-report.txt
1<?xml version="1.0" encoding="utf-8"?>
2<manifest xmlns:android="http://schemas.android.com/apk/res/android"
3    package="com.myapp.mymqtt"
4    android:versionCode="1"
5    android:versionName="1.0" >
6
7    <uses-sdk
8        android:minSdkVersion="25"
8-->src/main/AndroidManifest.xml
9        android:targetSdkVersion="31" />
9-->src/main/AndroidManifest.xml
10
11    <uses-permission android:name="android.permission.FOREGROUND_SERVICE" />
11-->src/main/AndroidManifest.xml:5:5-77
11-->src/main/AndroidManifest.xml:5:22-74
12    <uses-permission android:name="android.permission.INTERNET" />
12-->src/main/AndroidManifest.xml:6:5-67
12-->src/main/AndroidManifest.xml:6:22-64
13    <uses-permission android:name="android.permission.ACCESS_NETWORK_STATE" />
13-->src/main/AndroidManifest.xml:7:5-79
13-->src/main/AndroidManifest.xml:7:22-76
14
15    <queries>
15-->src/main/AndroidManifest.xml:11:5-16:15
16        <intent>
16-->src/main/AndroidManifest.xml:12:9-15:18
17            <action android:name="android.intent.action.VIEW" />
17-->src/main/AndroidManifest.xml:13:13-65
17-->src/main/AndroidManifest.xml:13:21-62
18
19            <data android:scheme="geo" />
19-->src/main/AndroidManifest.xml:14:13-42
19-->src/main/AndroidManifest.xml:14:19-39
20        </intent>
21    </queries>
22
23    <application
23-->src/main/AndroidManifest.xml:19:5-43:19
24        android:name="com.myapp.mymqtt.MyMQTT"
24-->src/main/AndroidManifest.xml:20:9-31
25        android:allowBackup="true"
25-->src/main/AndroidManifest.xml:21:9-35
26        android:appComponentFactory="androidx.core.app.CoreComponentFactory"
26-->[androidx.core:core:1.5.0] AndroidManifest.xml:24:18-86
27        android:debuggable="true"
28        android:extractNativeLibs="false"
29        android:icon="@mipmap/ic_launcher"
29-->src/main/AndroidManifest.xml:22:9-43
30        android:label="@string/app_name"
30-->src/main/AndroidManifest.xml:23:9-41
31        android:roundIcon="@mipmap/ic_launcher_round"
31-->src/main/AndroidManifest.xml:24:9-54
32        android:supportsRtl="true"
32-->src/main/AndroidManifest.xml:25:9-35
33        android:testOnly="true"
34        android:theme="@style/AppTheme" >
34-->src/main/AndroidManifest.xml:26:9-40
35        <service
35-->src/main/AndroidManifest.xml:28:9-31:39
36            android:name="com.myapp.mymqtt.MyService"
36-->src/main/AndroidManifest.xml:29:13-38
37            android:enabled="true"
37-->src/main/AndroidManifest.xml:30:13-35
38            android:exported="true" />
38-->src/main/AndroidManifest.xml:31:13-36
39
40        <activity android:name="com.myapp.mymqtt.settings" />
40-->src/main/AndroidManifest.xml:33:9-55
40-->src/main/AndroidManifest.xml:33:19-43
41        <activity
41-->src/main/AndroidManifest.xml:34:9-42:20
42            android:name="com.myapp.mymqtt.MainActivity"
42-->src/main/AndroidManifest.xml:35:13-41
43            android:exported="true" >
43-->src/main/AndroidManifest.xml:36:13-36
44            <intent-filter>
44-->src/main/AndroidManifest.xml:37:13-41:29
45                <action android:name="android.intent.action.MAIN" />
45-->src/main/AndroidManifest.xml:38:17-69
45-->src/main/AndroidManifest.xml:38:25-66
46
47                <category android:name="android.intent.category.LAUNCHER" />
47-->src/main/AndroidManifest.xml:40:17-77
47-->src/main/AndroidManifest.xml:40:27-74
48            </intent-filter>
49        </activity>
50    </application>
51
52</manifest>